Log file open, 05/27/19 20:12:52
LogWindows: Failed to load 'aqProf.dll' (GetLastError=126)
LogWindows: File 'aqProf.dll' does not exist
LogWindows: Failed to load 'VtuneApi.dll' (GetLastError=126)
LogWindows: File 'VtuneApi.dll' does not exist
LogWindows: Failed to load 'VtuneApi32e.dll' (GetLastError=126)
LogWindows: File 'VtuneApi32e.dll' does not exist
LogConsoleResponse: Display: Failed to find resolution value strings in scalability ini. Falling back to default.
LogInit: Display: Running engine for game: City
LogPakFile: Registered encryption key '00000000000000000000000000000000': 0 pak files mounted, 0 remain pending
LogPlatformFile: Not using cached read wrapper
LogTaskGraph: Started task graph with 5 named threads and 23 total threads with 3 sets of task threads.
LogStats: Stats thread started at 0.363944
LogD3D11RHI: Loaded GFSDK_Aftermath_Lib.x64.dll
LogICUInternationalization: ICU TimeZone Detection - Raw Offset: -7:00, Platform Override: ''
LogPluginManager: Mounting plugin Paper2D
LogPluginManager: Mounting plugin AISupport
LogPluginManager: Mounting plugin LightPropagationVolume
LogPluginManager: Mounting plugin ActorLayerUtilities
LogPluginManager: Mounting plugin CLionSourceCodeAccess
LogPluginManager: Mounting plugin CodeLiteSourceCodeAccess
LogPluginManager: Mounting plugin GitSourceControl
LogPluginManager: Mounting plugin KDevelopSourceCodeAccess
LogPluginManager: Mounting plugin NullSourceCodeAccess
LogPluginManager: Mounting plugin PerforceSourceControl
LogPluginManager: Mounting plugin SubversionSourceControl
LogPluginManager: Mounting plugin UObjectPlugin
LogPluginManager: Mounting plugin VisualStudioCodeSourceCodeAccess
LogPluginManager: Mounting plugin VisualStudioSourceCodeAccess
LogPluginManager: Mounting plugin XCodeSourceCodeAccess
LogPluginManager: Mounting plugin AssetManagerEditor
LogPluginManager: Mounting plugin CryptoKeys
LogPluginManager: Mounting plugin DataValidation
LogPluginManager: Mounting plugin FacialAnimation
LogPluginManager: Mounting plugin GameplayTagsEditor
LogPluginManager: Mounting plugin MacGraphicsSwitching
LogPluginManager: Mounting plugin MeshEditor
LogPluginManager: Mounting plugin MobileLauncherProfileWizard
LogPluginManager: Mounting plugin PluginBrowser
LogPluginManager: Mounting plugin SpeedTreeImporter
LogPluginManager: Mounting plugin DatasmithContent
LogPluginManager: Mounting plugin VariantManagerContent
LogPluginManager: Mounting plugin AlembicImporter
LogPluginManager: Mounting plugin AppleImageUtils
LogPluginManager: Mounting plugin AppleVision
LogPluginManager: Mounting plugin BackChannel
LogPluginManager: Mounting plugin CharacterAI
LogPluginManager: Mounting plugin GeometryCache
LogPluginManager: Mounting plugin HTML5Networking
LogPluginManager: Mounting plugin ProxyLODPlugin
LogPluginManager: Mounting plugin MagicLeap
LogPluginManager: Mounting plugin MagicLeapMedia
LogPluginManager: Mounting plugin AndroidMedia
LogPluginManager: Mounting plugin AvfMedia
LogPluginManager: Mounting plugin ImgMedia
LogPluginManager: Mounting plugin LinearTimecode
LogPluginManager: Mounting plugin MediaCompositing
LogPluginManager: Mounting plugin MediaPlayerEditor
LogPluginManager: Mounting plugin WebMMedia
LogPluginManager: Mounting plugin WmfMedia
LogPluginManager: Mounting plugin TcpMessaging
LogPluginManager: Mounting plugin UdpMessaging
LogPluginManager: Mounting plugin ActorSequence
LogPluginManager: Mounting plugin LevelSequenceEditor
LogPluginManager: Mounting plugin MatineeToLevelSequence
LogPluginManager: Mounting plugin NetcodeUnitTest
LogPluginManager: Mounting plugin NUTUnrealEngine4
LogPluginManager: Mounting plugin OnlineSubsystemGooglePlay
LogPluginManager: Mounting plugin OnlineSubsystemIOS
LogPluginManager: Mounting plugin OnlineSubsystem
LogPluginManager: Mounting plugin OnlineSubsystemNull
LogPluginManager: Mounting plugin OnlineSubsystemUtils
LogPluginManager: Mounting plugin LauncherChunkInstaller
LogPluginManager: Mounting plugin AndroidDeviceProfileSelector
LogPluginManager: Mounting plugin AndroidMoviePlayer
LogPluginManager: Mounting plugin AndroidPermission
LogPluginManager: Mounting plugin AppleMoviePlayer
LogPluginManager: Mounting plugin ArchVisCharacter
LogPluginManager: Mounting plugin AudioCapture
LogPluginManager: Mounting plugin CableComponent
LogPluginManager: Mounting plugin CustomMeshComponent
LogPluginManager: Mounting plugin EditableMesh
LogPluginManager: Mounting plugin ExampleDeviceProfileSelector
LogPluginManager: Mounting plugin Firebase
LogPluginManager: Mounting plugin GoogleCloudMessaging
LogPluginManager: Mounting plugin IOSDeviceProfileSelector
LogPluginManager: Mounting plugin LinuxDeviceProfileSelector
LogPluginManager: Mounting plugin LocationServicesBPLibrary
LogPluginManager: Mounting plugin MobilePatchingUtils
LogPluginManager: Mounting plugin OculusVR
LogPluginManager: Mounting plugin PhysXVehicles
LogPluginManager: Mounting plugin ProceduralMeshComponent
LogPluginManager: Mounting plugin RuntimePhysXCooking
LogPluginManager: Mounting plugin SteamVR
LogPluginManager: Mounting plugin WebMMoviePlayer
LogPluginManager: Mounting plugin WindowsMoviePlayer
LogStreaming: Display: Took  0.257s to configure plugins.
LogInit: Using libcurl 7.55.1-DEV
LogInit:  - built for x86_64-pc-win32
LogInit:  - supports SSL with OpenSSL/1.0.2h
LogInit:  - supports HTTP deflate (compression) using libz 1.2.8
LogInit:  - other features:
LogInit:      CURL_VERSION_SSL
LogInit:      CURL_VERSION_LIBZ
LogInit:      CURL_VERSION_IPV6
LogInit:      CURL_VERSION_ASYNCHDNS
LogInit:      CURL_VERSION_LARGEFILE
LogInit:      CURL_VERSION_IDN
LogInit:  CurlRequestOptions (configurable via config and command line):
LogInit:  - bVerifyPeer = true  - Libcurl will verify peer certificate
LogInit:  - bUseHttpProxy = false  - Libcurl will NOT use HTTP proxy
LogInit:  - bDontReuseConnections = false  - Libcurl will reuse connections
LogInit:  - MaxHostConnections = 16  - Libcurl will limit the number of connections to a host
LogInit:  - LocalHostAddr = Default
LogInit:  - BufferSize = 65536
LogInit: WinSock: version 1.1 (2.2), MaxSocks=32767, MaxUdp=65467
LogInit: Build: ++UE4+Release-4.21-CL-4753647
LogInit: Engine Version: 4.21.2-4753647+++UE4+Release-4.21
LogInit: Compatible Engine Version: 4.21.0-4541578+++UE4+Release-4.21
LogInit: Net CL: 4541578
LogInit: OS: Windows 10 (), CPU: Intel(R) Core(TM) i7-6700HQ CPU @ 2.60GHz, GPU: Intel(R) HD Graphics 530
LogInit: Compiled (64-bit): Jan 19 2019 02:07:31
LogInit: Compiled with Visual C++: 19.13.26129.00
LogInit: Build Configuration: Development
LogInit: Branch Name: ++UE4+Release-4.21
LogInit: Command Line: 
LogInit: Base Directory: F:/EPICGAMES/Epic Games/UE_4.21/Engine/Binaries/Win64/
LogInit: Installed Engine Build: 1
LogDevObjectVersion: Number of dev versions registered: 22
LogDevObjectVersion:   Dev-Blueprints (B0D832E4-1F89-4F0D-ACCF-7EB736FD4AA2): 10
LogDevObjectVersion:   Dev-Build (E1C64328-A22C-4D53-A36C-8E866417BD8C): 0
LogDevObjectVersion:   Dev-Core (375EC13C-06E4-48FB-B500-84F0262A717E): 2
LogDevObjectVersion:   Dev-Editor (E4B068ED-F494-42E9-A231-DA0B2E46BB41): 26
LogDevObjectVersion:   Dev-Framework (CFFC743F-43B0-4480-9391-14DF171D2073): 34
LogDevObjectVersion:   Dev-Mobile (B02B49B5-BB20-44E9-A304-32B752E40360): 2
LogDevObjectVersion:   Dev-Networking (A4E4105C-59A1-49B5-A7C5-40C4547EDFEE): 0
LogDevObjectVersion:   Dev-Online (39C831C9-5AE6-47DC-9A44-9C173E1C8E7C): 0
LogDevObjectVersion:   Dev-Physics (78F01B33-EBEA-4F98-B9B4-84EACCB95AA2): 0
LogDevObjectVersion:   Dev-Platform (6631380F-2D4D-43E0-8009-CF276956A95A): 0
LogDevObjectVersion:   Dev-Rendering (12F88B9F-8875-4AFC-A67C-D90C383ABD29): 27
LogDevObjectVersion:   Dev-Sequencer (7B5AE74C-D270-4C10-A958-57980B212A5A): 9
LogDevObjectVersion:   Dev-VR (D7296918-1DD6-4BDD-9DE2-64A83CC13884): 2
LogDevObjectVersion:   Dev-LoadTimes (C2A15278-BFE7-4AFE-6C17-90FF531DF755): 1
LogDevObjectVersion:   Private-Geometry (6EACA3D4-40EC-4CC1-B786-8BED09428FC5): 3
LogDevObjectVersion:   Dev-AnimPhys (29E575DD-E0A3-4627-9D10-D276232CDCEA): 17
LogDevObjectVersion:   Dev-Anim (AF43A65D-7FD3-4947-9873-3E8ED9C1BB05): 2
LogDevObjectVersion:   Dev-ReflectionCapture (6B266CEC-1EC7-4B8F-A30B-E4D90942FC07): 1
LogDevObjectVersion:   Dev-Automation (0DF73D61-A23F-47EA-B727-89E90C41499A): 1
LogDevObjectVersion:   FortniteMain (601D1886-AC64-4F84-AA16-D3DE0DEAC7D6): 17
LogDevObjectVersion:   Dev-Enterprise (9DFFBCD6-494F-0158-E221-12823C92A888): 4
LogDevObjectVersion:   Dev-Niagara (F2AED0AC-9AFE-416F-8664-AA7FFA26D6FC): 1
LogStreaming: Display: Took  0.008s to delete old logs.
LogInit: Presizing for max 8388607 objects, including 0 objects not considered by GC, pre-allocating 0 bytes for permanent pool.
LogInit: Object subsystem initialized
LogConfig: Setting CVar [[con.DebugEarlyDefault:1]]
LogConfig: Setting CVar [[r.setres:1280x720]]
[2019.05.28-02.12.53:217][  0]LogConfig: Setting CVar [[r.VSync:0]]
[2019.05.28-02.12.53:217][  0]LogConfig: Setting CVar [[r.RHICmdBypass:0]]
[2019.05.28-02.12.53:217][  0]LogConfig: Applying CVar settings from Section [/Script/Engine.RendererSettings] File [C:/Users/xavie/OneDrive/Documents/GitHub/City-Whitebox/City/Saved/Config/Windows/Engine.ini]
[2019.05.28-02.12.53:217][  0]LogConfig: Setting CVar [[r.GPUCrashDebugging:0]]
[2019.05.28-02.12.53:217][  0]LogConfig: Applying CVar settings from Section [/Script/Engine.RendererOverrideSettings] File [C:/Users/xavie/OneDrive/Documents/GitHub/City-Whitebox/City/Saved/Config/Windows/Engine.ini]
[2019.05.28-02.12.53:217][  0]LogConfig: Applying CVar settings from Section [/Script/Engine.StreamingSettings] File [C:/Users/xavie/OneDrive/Documents/GitHub/City-Whitebox/City/Saved/Config/Windows/Engine.ini]
[2019.05.28-02.12.53:217][  0]LogConfig: Setting CVar [[s.MinBulkDataSizeForAsyncLoading:131072]]
[2019.05.28-02.12.53:217][  0]LogConfig: Setting CVar [[s.AsyncLoadingThreadEnabled:0]]
[2019.05.28-02.12.53:217][  0]LogConfig: Setting CVar [[s.EventDrivenLoaderEnabled:1]]
[2019.05.28-02.12.53:217][  0]LogConfig: Setting CVar [[s.WarnIfTimeLimitExceeded:0]]
[2019.05.28-02.12.53:217][  0]LogConfig: Setting CVar [[s.TimeLimitExceededMultiplier:1.5]]
[2019.05.28-02.12.53:217][  0]LogConfig: Setting CVar [[s.TimeLimitExceededMinTime:0.005]]
[2019.05.28-02.12.53:217][  0]LogConfig: Setting CVar [[s.UseBackgroundLevelStreaming:1]]
[2019.05.28-02.12.53:217][  0]LogConfig: Setting CVar [[s.PriorityAsyncLoadingExtraTime:15.0]]
[2019.05.28-02.12.53:217][  0]LogConfig: Setting CVar [[s.LevelStreamingActorsUpdateTimeLimit:5.0]]
[2019.05.28-02.12.53:217][  0]LogConfig: Setting CVar [[s.PriorityLevelStreamingActorsUpdateExtraTime:5.0]]
[2019.05.28-02.12.53:217][  0]LogConfig: Setting CVar [[s.LevelStreamingComponentsRegistrationGranularity:10]]
[2019.05.28-02.12.53:217][  0]LogConfig: Setting CVar [[s.UnregisterComponentsTimeLimit:1.0]]
[2019.05.28-02.12.53:217][  0]LogConfig: Setting CVar [[s.LevelStreamingComponentsUnregistrationGranularity:5]]
[2019.05.28-02.12.53:217][  0]LogConfig: Applying CVar settings from Section [/Script/Engine.GarbageCollectionSettings] File [C:/Users/xavie/OneDrive/Documents/GitHub/City-Whitebox/City/Saved/Config/Windows/Engine.ini]
[2019.05.28-02.12.53:217][  0]LogConfig: Setting CVar [[gc.MaxObjectsNotConsideredByGC:1]]
[2019.05.28-02.12.53:217][  0]LogConfig: Setting CVar [[gc.SizeOfPermanentObjectPool:0]]
[2019.05.28-02.12.53:217][  0]LogConfig: Setting CVar [[gc.FlushStreamingOnGC:0]]
[2019.05.28-02.12.53:217][  0]LogConfig: Setting CVar [[gc.NumRetriesBeforeForcingGC:10]]
[2019.05.28-02.12.53:217][  0]LogConfig: Setting CVar [[gc.AllowParallelGC:1]]
[2019.05.28-02.12.53:217][  0]LogConfig: Setting CVar [[gc.TimeBetweenPurgingPendingKillObjects:61.1]]
[2019.05.28-02.12.53:217][  0]LogConfig: Setting CVar [[gc.MaxObjectsInEditor:8388607]]
[2019.05.28-02.12.53:217][  0]LogConfig: Setting CVar [[gc.IncrementalBeginDestroyEnabled:1]]
[2019.05.28-02.12.53:217][  0]LogConfig: Setting CVar [[gc.CreateGCClusters:1]]
[2019.05.28-02.12.53:217][  0]LogConfig: Setting CVar [[gc.MergeGCClusters:0]]
[2019.05.28-02.12.53:217][  0]LogConfig: Setting CVar [[gc.MinGCClusterSize:5]]
[2019.05.28-02.12.53:217][  0]LogConfig: Setting CVar [[gc.ActorClusteringEnabled:0]]
[2019.05.28-02.12.53:217][  0]LogConfig: Setting CVar [[gc.BlueprintClusteringEnabled:0]]
[2019.05.28-02.12.53:217][  0]LogConfig: Setting CVar [[gc.UseDisregardForGCOnDedicatedServers:0]]
[2019.05.28-02.12.53:217][  0]LogConfig: Applying CVar settings from Section [/Script/Engine.NetworkSettings] File [C:/Users/xavie/OneDrive/Documents/GitHub/City-Whitebox/City/Saved/Config/Windows/Engine.ini]
[2019.05.28-02.12.53:217][  0]LogConfig: Applying CVar settings from Section [/Script/UnrealEd.CookerSettings] File [C:/Users/xavie/OneDrive/Documents/GitHub/City-Whitebox/City/Saved/Config/Windows/Engine.ini]
[2019.05.28-02.12.53:221][  0]LogConfig: Applying CVar settings from Section [ViewDistanceQuality@3] File [C:/Users/xavie/OneDrive/Documents/GitHub/City-Whitebox/City/Saved/Config/Windows/Scalability.ini]
[2019.05.28-02.12.53:221][  0]LogConfig: Setting CVar [[r.SkeletalMeshLODBias:0]]
[2019.05.28-02.12.53:221][  0]LogConfig: Setting CVar [[r.ViewDistanceScale:1.0]]
[2019.05.28-02.12.53:221][  0]LogConfig: Applying CVar settings from Section [AntiAliasingQuality@3] File [C:/Users/xavie/OneDrive/Documents/GitHub/City-Whitebox/City/Saved/Config/Windows/Scalability.ini]
[2019.05.28-02.12.53:221][  0]LogConfig: Setting CVar [[r.PostProcessAAQuality:4]]
[2019.05.28-02.12.53:221][  0]LogConfig: Applying CVar settings from Section [ShadowQuality@3] File [C:/Users/xavie/OneDrive/Documents/GitHub/City-Whitebox/City/Saved/Config/Windows/Scalability.ini]
[2019.05.28-02.12.53:221][  0]LogConfig: Setting CVar [[r.LightFunctionQuality:1]]
[2019.05.28-02.12.53:221][  0]LogConfig: Setting CVar [[r.ShadowQuality:5]]
[2019.05.28-02.12.53:222][  0]LogConfig: Setting CVar [[r.Shadow.CSM.MaxCascades:10]]
[2019.05.28-02.12.53:222][  0]LogConfig: Setting CVar [[r.Shadow.MaxResolution:2048]]
[2019.05.28-02.12.53:222][  0]LogConfig: Setting CVar [[r.Shadow.MaxCSMResolution:2048]]
[2019.05.28-02.12.53:222][  0]LogConfig: Setting CVar [[r.Shadow.RadiusThreshold:0.01]]
[2019.05.28-02.12.53:222][  0]LogConfig: Setting CVar [[r.Shadow.DistanceScale:1.0]]
[2019.05.28-02.12.53:222][  0]LogConfig: Setting CVar [[r.Shadow.CSM.TransitionScale:1.0]]
[2019.05.28-02.12.53:222][  0]LogConfig: Setting CVar [[r.Shadow.PreShadowResolutionFactor:1.0]]
[2019.05.28-02.12.53:222][  0]LogConfig: Setting CVar [[r.DistanceFieldShadowing:1]]
[2019.05.28-02.12.53:222][  0]LogConfig: Setting CVar [[r.DistanceFieldAO:1]]
[2019.05.28-02.12.53:222][  0]LogConfig: Setting CVar [[r.AOQuality:2]]
[2019.05.28-02.12.53:222][  0]LogConfig: Setting CVar [[r.VolumetricFog:1]]
[2019.05.28-02.12.53:222][  0]LogConfig: Setting CVar [[r.VolumetricFog.GridPixelSize:8]]
[2019.05.28-02.12.53:222][  0]LogConfig: Setting CVar [[r.VolumetricFog.GridSizeZ:128]]
[2019.05.28-02.12.53:222][  0]LogConfig: Setting CVar [[r.VolumetricFog.HistoryMissSupersampleCount:4]]
[2019.05.28-02.12.53:222][  0]LogConfig: Setting CVar [[r.LightMaxDrawDistanceScale:1]]
[2019.05.28-02.12.53:222][  0]LogConfig: Setting CVar [[r.CapsuleShadows:1]]
[2019.05.28-02.12.53:222][  0]LogConfig: Applying CVar settings from Section [PostProcessQuality@3] File [C:/Users/xavie/OneDrive/Documents/GitHub/City-Whitebox/City/Saved/Config/Windows/Scalability.ini]
[2019.05.28-02.12.53:222][  0]LogConfig: Setting CVar [[r.MotionBlurQuality:4]]
[2019.05.28-02.12.53:222][  0]LogConfig: Setting CVar [[r.AmbientOcclusionMipLevelFactor:0.4]]
[2019.05.28-02.12.53:222][  0]LogConfig: Setting CVar [[r.AmbientOcclusionMaxQuality:100]]
[2019.05.28-02.12.53:222][  0]LogConfig: Setting CVar [[r.AmbientOcclusionLevels:-1]]
[2019.05.28-02.12.53:222][  0]LogConfig: Setting CVar [[r.AmbientOcclusionRadiusScale:1.0]]
[2019.05.28-02.12.53:222][  0]LogConfig: Setting CVar [[r.DepthOfFieldQuality:2]]
[2019.05.28-02.12.53:222][  0]LogConfig: Setting CVar [[r.RenderTargetPoolMin:400]]
[2019.05.28-02.12.53:222][  0]LogConfig: Setting CVar [[r.LensFlareQuality:2]]
[2019.05.28-02.12.53:222][  0]LogConfig: Setting CVar [[r.SceneColorFringeQuality:1]]
[2019.05.28-02.12.53:222][  0]LogConfig: Setting CVar [[r.EyeAdaptationQuality:2]]
[2019.05.28-02.12.53:222][  0]LogConfig: Setting CVar [[r.BloomQuality:5]]
[2019.05.28-02.12.53:222][  0]LogConfig: Setting CVar [[r.FastBlurThreshold:100]]
[2019.05.28-02.12.53:222][  0]LogConfig: Setting CVar [[r.Upscale.Quality:3]]
[2019.05.28-02.12.53:222][  0]LogConfig: Setting CVar [[r.Tonemapper.GrainQuantization:1]]
[2019.05.28-02.12.53:222][  0]LogConfig: Setting CVar [[r.LightShaftQuality:1]]
[2019.05.28-02.12.53:222][  0]LogConfig: Setting CVar [[r.Filter.SizeScale:1]]
[2019.05.28-02.12.53:222][  0]LogConfig: Setting CVar [[r.Tonemapper.Quality:5]]
[2019.05.28-02.12.53:222][  0]LogConfig: Setting CVar [[r.DOF.Gather.AccumulatorQuality:1        ; higher gathering accumulator quality]]
[2019.05.28-02.12.53:222][  0]LogConfig: Setting CVar [[r.DOF.Gather.PostfilterMethod:1          ; Median3x3 postfilering method]]
[2019.05.28-02.12.53:222][  0]LogConfig: Setting CVar [[r.DOF.Gather.EnableBokehSettings:0       ; no bokeh simulation when gathering]]
[2019.05.28-02.12.53:222][  0]LogConfig: Setting CVar [[r.DOF.Gather.RingCount:4                 ; medium number of samples when gathering]]
[2019.05.28-02.12.53:222][  0]LogConfig: Setting CVar [[r.DOF.Scatter.ForegroundCompositing:1    ; additive foreground scattering]]
[2019.05.28-02.12.53:222][  0]LogConfig: Setting CVar [[r.DOF.Scatter.BackgroundCompositing:2    ; additive background scattering]]
[2019.05.28-02.12.53:222][  0]LogConfig: Setting CVar [[r.DOF.Scatter.EnableBokehSettings:1      ; bokeh simulation when scattering]]
[2019.05.28-02.12.53:222][  0]LogConfig: Setting CVar [[r.DOF.Scatter.MaxSpriteRatio:0.1         ; only a maximum of 10% of scattered bokeh]]
[2019.05.28-02.12.53:222][  0]LogConfig: Setting CVar [[r.DOF.Recombine.Quality:1                ; cheap slight out of focus]]
[2019.05.28-02.12.53:222][  0]LogConfig: Setting CVar [[r.DOF.Recombine.EnableBokehSettings:0    ; no bokeh simulation on slight out of focus]]
[2019.05.28-02.12.53:223][  0]LogConfig: Setting CVar [[r.DOF.TemporalAAQuality:1                ; more stable temporal accumulation]]
[2019.05.28-02.12.53:223][  0]LogConfig: Setting CVar [[r.DOF.Kernel.MaxForegroundRadius:0.025]]
[2019.05.28-02.12.53:223][  0]LogConfig: Setting CVar [[r.DOF.Kernel.MaxBackgroundRadius:0.025]]
[2019.05.28-02.12.53:223][  0]LogConfig: Applying CVar settings from Section [TextureQuality@3] File [C:/Users/xavie/OneDrive/Documents/GitHub/City-Whitebox/City/Saved/Config/Windows/Scalability.ini]
[2019.05.28-02.12.53:223][  0]LogConfig: Setting CVar [[r.Streaming.MipBias:0]]
[2019.05.28-02.12.53:223][  0]LogConfig: Setting CVar [[r.Streaming.AmortizeCPUToGPUCopy:0]]
[2019.05.28-02.12.53:223][  0]LogConfig: Setting CVar [[r.Streaming.MaxNumTexturesToStreamPerFrame:0]]
[2019.05.28-02.12.53:223][  0]LogConfig: Setting CVar [[r.Streaming.Boost:1]]
[2019.05.28-02.12.53:223][  0]LogConfig: Setting CVar [[r.MaxAnisotropy:8]]
[2019.05.28-02.12.53:223][  0]LogConfig: Setting CVar [[r.Streaming.LimitPoolSizeToVRAM:0]]
[2019.05.28-02.12.53:223][  0]LogConfig: Setting CVar [[r.Streaming.PoolSize:1000]]
[2019.05.28-02.12.53:223][  0]LogConfig: Setting CVar [[r.Streaming.MaxEffectiveScreenSize:0]]
[2019.05.28-02.12.53:223][  0]LogConfig: Applying CVar settings from Section [EffectsQuality@3] File [C:/Users/xavie/OneDrive/Documents/GitHub/City-Whitebox/City/Saved/Config/Windows/Scalability.ini]
[2019.05.28-02.12.53:223][  0]LogConfig: Setting CVar [[r.TranslucencyLightingVolumeDim:64]]
[2019.05.28-02.12.53:223][  0]LogConfig: Setting CVar [[r.RefractionQuality:2]]
[2019.05.28-02.12.53:223][  0]LogConfig: Setting CVar [[r.SSR.Quality:3]]
[2019.05.28-02.12.53:223][  0]LogConfig: Setting CVar [[r.SceneColorFormat:4]]
[2019.05.28-02.12.53:223][  0]LogConfig: Setting CVar [[r.DetailMode:2]]
[2019.05.28-02.12.53:223][  0]LogConfig: Setting CVar [[r.TranslucencyVolumeBlur:1]]
[2019.05.28-02.12.53:223][  0]LogConfig: Setting CVar [[r.MaterialQualityLevel:1 ; High quality]]
[2019.05.28-02.12.53:223][  0]LogConfig: Setting CVar [[r.SSS.Scale:1]]
[2019.05.28-02.12.53:223][  0]LogConfig: Setting CVar [[r.SSS.SampleSet:2]]
[2019.05.28-02.12.53:223][  0]LogConfig: Setting CVar [[r.SSS.Quality:1]]
[2019.05.28-02.12.53:223][  0]LogConfig: Setting CVar [[r.SSS.HalfRes:1]]
[2019.05.28-02.12.53:223][  0]LogConfig: Setting CVar [[r.EmitterSpawnRateScale:1.0]]
[2019.05.28-02.12.53:223][  0]LogConfig: Setting CVar [[r.ParticleLightQuality:2]]
[2019.05.28-02.12.53:223][  0]LogConfig: Applying CVar settings from Section [FoliageQuality@3] File [C:/Users/xavie/OneDrive/Documents/GitHub/City-Whitebox/City/Saved/Config/Windows/Scalability.ini]
[2019.05.28-02.12.53:223][  0]LogConfig: Setting CVar [[foliage.DensityScale:1.0]]
[2019.05.28-02.12.53:223][  0]LogConfig: Setting CVar [[grass.DensityScale:1.0]]
[2019.05.28-02.12.53:223][  0]LogInit: Selected Device Profile: [Windows]
[2019.05.28-02.12.53:223][  0]LogInit: Applying CVar settings loaded from the selected device profile: [Windows]
[2019.05.28-02.12.53:242][  0]LogHAL: Display: Platform has ~ 16 GB [17066803200 / 17179869184 / 16], which maps to Larger [LargestMinGB=32, LargerMinGB=12, DefaultMinGB=8, SmallerMinGB=6, SmallestMinGB=0)
[2019.05.28-02.12.53:242][  0]LogConfig: Setting CVar [[r.Vulkan.UseRealUBs:1]]
[2019.05.28-02.12.53:242][  0]LogInit: Going up to parent DeviceProfile []
[2019.05.28-02.12.53:242][  0]LogConfig: Applying CVar settings from Section [ViewDistanceQuality@3] File [C:/Users/xavie/OneDrive/Documents/GitHub/City-Whitebox/City/Saved/Config/Windows/Scalability.ini]
[2019.05.28-02.12.53:242][  0]LogConfig: Setting CVar [[r.SkeletalMeshLODBias:0]]
[2019.05.28-02.12.53:242][  0]LogConfig: Setting CVar [[r.ViewDistanceScale:1.0]]
[2019.05.28-02.12.53:242][  0]LogConfig: Applying CVar settings from Section [AntiAliasingQuality@3] File [C:/Users/xavie/OneDrive/Documents/GitHub/City-Whitebox/City/Saved/Config/Windows/Scalability.ini]
[2019.05.28-02.12.53:242][  0]LogConfig: Setting CVar [[r.PostProcessAAQuality:4]]
[2019.05.28-02.12.53:242][  0]LogConfig: Applying CVar settings from Section [ShadowQuality@3] File [C:/Users/xavie/OneDrive/Documents/GitHub/City-Whitebox/City/Saved/Config/Windows/Scalability.ini]
[2019.05.28-02.12.53:242][  0]LogConfig: Setting CVar [[r.LightFunctionQuality:1]]
[2019.05.28-02.12.53:242][  0]LogConfig: Setting CVar [[r.ShadowQuality:5]]
[2019.05.28-02.12.53:242][  0]LogConfig: Setting CVar [[r.Shadow.CSM.MaxCascades:10]]
[2019.05.28-02.12.53:242][  0]LogConfig: Setting CVar [[r.Shadow.MaxResolution:2048]]
[2019.05.28-02.12.53:242][  0]LogConfig: Setting CVar [[r.Shadow.MaxCSMResolution:2048]]
[2019.05.28-02.12.53:242][  0]LogConfig: Setting CVar [[r.Shadow.RadiusThreshold:0.01]]
[2019.05.28-02.12.53:242][  0]LogConfig: Setting CVar [[r.Shadow.DistanceScale:1.0]]
[2019.05.28-02.12.53:242][  0]LogConfig: Setting CVar [[r.Shadow.CSM.TransitionScale:1.0]]
[2019.05.28-02.12.53:242][  0]LogConfig: Setting CVar [[r.Shadow.PreShadowResolutionFactor:1.0]]
[2019.05.28-02.12.53:242][  0]LogConfig: Setting CVar [[r.DistanceFieldShadowing:1]]
[2019.05.28-02.12.53:242][  0]LogConfig: Setting CVar [[r.DistanceFieldAO:1]]
[2019.05.28-02.12.53:243][  0]LogConfig: Setting CVar [[r.AOQuality:2]]
[2019.05.28-02.12.53:243][  0]LogConfig: Setting CVar [[r.VolumetricFog:1]]
[2019.05.28-02.12.53:243][  0]LogConfig: Setting CVar [[r.VolumetricFog.GridPixelSize:8]]
[2019.05.28-02.12.53:243][  0]LogConfig: Setting CVar [[r.VolumetricFog.GridSizeZ:128]]
[2019.05.28-02.12.53:243][  0]LogConfig: Setting CVar [[r.VolumetricFog.HistoryMissSupersampleCount:4]]
[2019.05.28-02.12.53:243][  0]LogConfig: Setting CVar [[r.LightMaxDrawDistanceScale:1]]
[2019.05.28-02.12.53:243][  0]LogConfig: Setting CVar [[r.CapsuleShadows:1]]
[2019.05.28-02.12.53:243][  0]LogConfig: Applying CVar settings from Section [PostProcessQuality@3] File [C:/Users/xavie/OneDrive/Documents/GitHub/City-Whitebox/City/Saved/Config/Windows/Scalability.ini]
[2019.05.28-02.12.53:243][  0]LogConfig: Setting CVar [[r.MotionBlurQuality:4]]
[2019.05.28-02.12.53:243][  0]LogConfig: Setting CVar [[r.AmbientOcclusionMipLevelFactor:0.4]]
[2019.05.28-02.12.53:243][  0]LogConfig: Setting CVar [[r.AmbientOcclusionMaxQuality:100]]
[2019.05.28-02.12.53:243][  0]LogConfig: Setting CVar [[r.AmbientOcclusionLevels:-1]]
[2019.05.28-02.12.53:243][  0]LogConfig: Setting CVar [[r.AmbientOcclusionRadiusScale:1.0]]
[2019.05.28-02.12.53:243][  0]LogConfig: Setting CVar [[r.DepthOfFieldQuality:2]]
[2019.05.28-02.12.53:243][  0]LogConfig: Setting CVar [[r.RenderTargetPoolMin:400]]
[2019.05.28-02.12.53:243][  0]LogConfig: Setting CVar [[r.LensFlareQuality:2]]
[2019.05.28-02.12.53:243][  0]LogConfig: Setting CVar [[r.SceneColorFringeQuality:1]]
[2019.05.28-02.12.53:243][  0]LogConfig: Setting CVar [[r.EyeAdaptationQuality:2]]
[2019.05.28-02.12.53:243][  0]LogConfig: Setting CVar [[r.BloomQuality:5]]
[2019.05.28-02.12.53:243][  0]LogConfig: Setting CVar [[r.FastBlurThreshold:100]]
[2019.05.28-02.12.53:243][  0]LogConfig: Setting CVar [[r.Upscale.Quality:3]]
[2019.05.28-02.12.53:243][  0]LogConfig: Setting CVar [[r.Tonemapper.GrainQuantization:1]]
[2019.05.28-02.12.53:243][  0]LogConfig: Setting CVar [[r.LightShaftQuality:1]]
[2019.05.28-02.12.53:243][  0]LogConfig: Setting CVar [[r.Filter.SizeScale:1]]
[2019.05.28-02.12.53:243][  0]LogConfig: Setting CVar [[r.Tonemapper.Quality:5]]
[2019.05.28-02.12.53:243][  0]LogConfig: Setting CVar [[r.DOF.Gather.AccumulatorQuality:1        ; higher gathering accumulator quality]]
[2019.05.28-02.12.53:243][  0]LogConfig: Setting CVar [[r.DOF.Gather.PostfilterMethod:1          ; Median3x3 postfilering method]]
[2019.05.28-02.12.53:243][  0]LogConfig: Setting CVar [[r.DOF.Gather.EnableBokehSettings:0       ; no bokeh simulation when gathering]]
[2019.05.28-02.12.53:243][  0]LogConfig: Setting CVar [[r.DOF.Gather.RingCount:4                 ; medium number of samples when gathering]]
[2019.05.28-02.12.53:243][  0]LogConfig: Setting CVar [[r.DOF.Scatter.ForegroundCompositing:1    ; additive foreground scattering]]
[2019.05.28-02.12.53:243][  0]LogConfig: Setting CVar [[r.DOF.Scatter.BackgroundCompositing:2    ; additive background scattering]]
[2019.05.28-02.12.53:243][  0]LogConfig: Setting CVar [[r.DOF.Scatter.EnableBokehSettings:1      ; bokeh simulation when scattering]]
[2019.05.28-02.12.53:243][  0]LogConfig: Setting CVar [[r.DOF.Scatter.MaxSpriteRatio:0.1         ; only a maximum of 10% of scattered bokeh]]
[2019.05.28-02.12.53:243][  0]LogConfig: Setting CVar [[r.DOF.Recombine.Quality:1                ; cheap slight out of focus]]
[2019.05.28-02.12.53:243][  0]LogConfig: Setting CVar [[r.DOF.Recombine.EnableBokehSettings:0    ; no bokeh simulation on slight out of focus]]
[2019.05.28-02.12.53:243][  0]LogConfig: Setting CVar [[r.DOF.TemporalAAQuality:1                ; more stable temporal accumulation]]
[2019.05.28-02.12.53:243][  0]LogConfig: Setting CVar [[r.DOF.Kernel.MaxForegroundRadius:0.025]]
[2019.05.28-02.12.53:243][  0]LogConfig: Setting CVar [[r.DOF.Kernel.MaxBackgroundRadius:0.025]]
[2019.05.28-02.12.53:243][  0]LogConfig: Applying CVar settings from Section [TextureQuality@3] File [C:/Users/xavie/OneDrive/Documents/GitHub/City-Whitebox/City/Saved/Config/Windows/Scalability.ini]
[2019.05.28-02.12.53:243][  0]LogConfig: Setting CVar [[r.Streaming.MipBias:0]]
[2019.05.28-02.12.53:243][  0]LogConfig: Setting CVar [[r.Streaming.AmortizeCPUToGPUCopy:0]]
[2019.05.28-02.12.53:243][  0]LogConfig: Setting CVar [[r.Streaming.MaxNumTexturesToStreamPerFrame:0]]
[2019.05.28-02.12.53:243][  0]LogConfig: Setting CVar [[r.Streaming.Boost:1]]
[2019.05.28-02.12.53:243][  0]LogConfig: Setting CVar [[r.MaxAnisotropy:8]]
[2019.05.28-02.12.53:243][  0]LogConfig: Setting CVar [[r.Streaming.LimitPoolSizeToVRAM:0]]
[2019.05.28-02.12.53:243][  0]LogConfig: Setting CVar [[r.Streaming.PoolSize:1000]]
[2019.05.28-02.12.53:243][  0]LogConfig: Setting CVar [[r.Streaming.MaxEffectiveScreenSize:0]]
[2019.05.28-02.12.53:243][  0]LogConfig: Applying CVar settings from Section [EffectsQuality@3] File [C:/Users/xavie/OneDrive/Documents/GitHub/City-Whitebox/City/Saved/Config/Windows/Scalability.ini]
[2019.05.28-02.12.53:243][  0]LogConfig: Setting CVar [[r.TranslucencyLightingVolumeDim:64]]
[2019.05.28-02.12.53:243][  0]LogConfig: Setting CVar [[r.RefractionQuality:2]]
[2019.05.28-02.12.53:243][  0]LogConfig: Setting CVar [[r.SSR.Quality:3]]
[2019.05.28-02.12.53:243][  0]LogConfig: Setting CVar [[r.SceneColorFormat:4]]
[2019.05.28-02.12.53:243][  0]LogConfig: Setting CVar [[r.DetailMode:2]]
[2019.05.28-02.12.53:243][  0]LogConfig: Setting CVar [[r.TranslucencyVolumeBlur:1]]
[2019.05.28-02.12.53:243][  0]LogConfig: Setting CVar [[r.MaterialQualityLevel:1 ; High quality]]
[2019.05.28-02.12.53:243][  0]LogConfig: Setting CVar [[r.SSS.Scale:1]]
[2019.05.28-02.12.53:243][  0]LogConfig: Setting CVar [[r.SSS.SampleSet:2]]
[2019.05.28-02.12.53:243][  0]LogConfig: Setting CVar [[r.SSS.Quality:1]]
[2019.05.28-02.12.53:243][  0]LogConfig: Setting CVar [[r.SSS.HalfRes:1]]
[2019.05.28-02.12.53:243][  0]LogConfig: Setting CVar [[r.EmitterSpawnRateScale:1.0]]
[2019.05.28-02.12.53:243][  0]LogConfig: Setting CVar [[r.ParticleLightQuality:2]]
[2019.05.28-02.12.53:243][  0]LogConfig: Applying CVar settings from Section [FoliageQuality@3] File [C:/Users/xavie/OneDrive/Documents/GitHub/City-Whitebox/City/Saved/Config/Windows/Scalability.ini]
[2019.05.28-02.12.53:243][  0]LogConfig: Setting CVar [[foliage.DensityScale:1.0]]
[2019.05.28-02.12.53:243][  0]LogConfig: Setting CVar [[grass.DensityScale:1.0]]
[2019.05.28-02.12.53:243][  0]LogConfig: Applying CVar settings from Section [Startup] File [../../../Engine/Config/ConsoleVariables.ini]
[2019.05.28-02.12.53:244][  0]LogConfig: Setting CVar [[net.UseAdaptiveNetUpdateFrequency:0]]
[2019.05.28-02.12.53:244][  0]LogConfig: Applying CVar settings from Section [ConsoleVariables] File [C:/Users/xavie/OneDrive/Documents/GitHub/City-Whitebox/City/Saved/Config/Windows/Engine.ini]
[2019.05.28-02.12.53:244][  0]LogInit: Computer: LAPTOP-ODSBRGOU
[2019.05.28-02.12.53:244][  0]LogInit: User: xavie
[2019.05.28-02.12.53:244][  0]LogInit: CPU Page size=4096, Cores=4
[2019.05.28-02.12.53:244][  0]LogInit: High frequency timer resolution =10.000000 MHz
[2019.05.28-02.12.53:244][  0]LogMemory: Memory total: Physical=15.9GB (16GB approx)
[2019.05.28-02.12.53:244][  0]LogMemory: Platform Memory Stats for Windows
[2019.05.28-02.12.53:244][  0]LogMemory: Process Physical Memory: 101.98 MB used, 101.98 MB peak
[2019.05.28-02.12.53:244][  0]LogMemory: Process Virtual Memory: 91.30 MB used, 91.30 MB peak
[2019.05.28-02.12.53:244][  0]LogMemory: Physical Memory: 8156.77 MB used,  8119.40 MB free, 16276.17 MB total
[2019.05.28-02.12.53:244][  0]LogMemory: Virtual Memory: 4649.95 MB used,  134213080.00 MB free, 134217728.00 MB total
[2019.05.28-02.12.53:281][  0]LogInit: Using OS detected language (en-US).
[2019.05.28-02.12.53:281][  0]LogInit: Using OS detected locale (en-US).
[2019.05.28-02.12.53:284][  0]LogTextLocalizationManager: No specific localization for 'en-US' exists, so the 'en' localization will be used.
[2019.05.28-02.12.53:746][  0]LogStreaming: Display: Took  0.465s to InitEngineTextLocalization.
[2019.05.28-02.12.53:746][  0]LogInit: Setting process to per monitor DPI aware
[2019.05.28-02.12.53:780][  0]LogSlate: New Slate User Created.  User Index 0, Is Virtual User: 0
[2019.05.28-02.12.53:780][  0]LogSlate: Slate User Registered.  User Index 0, Is Virtual User: 0
[2019.05.28-02.12.54:410][  0]LogHMD: Failed to initialize OpenVR with code 110
[2019.05.28-02.12.54:410][  0]LogD3D11RHI: D3D11 adapters:
[2019.05.28-02.12.54:500][  0]LogD3D11RHI:    0. 'NVIDIA GeForce GTX 1060' (Feature Level 11_0)
[2019.05.28-02.12.54:500][  0]LogD3D11RHI:       6061/0/8138 MB DedicatedVideo/DedicatedSystem/SharedSystem, Outputs:1, VendorId:0x10de
[2019.05.28-02.12.54:523][  0]LogD3D11RHI:    1. 'Intel(R) HD Graphics 530' (Feature Level 11_0)
[2019.05.28-02.12.54:523][  0]LogD3D11RHI:       128/0/8138 MB DedicatedVideo/DedicatedSystem/SharedSystem, Outputs:0, VendorId:0x8086
[2019.05.28-02.12.54:527][  0]LogD3D11RHI:    2. 'Microsoft Basic Render Driver' (Feature Level 11_0)
[2019.05.28-02.12.54:527][  0]LogD3D11RHI:       0/0/8138 MB DedicatedVideo/DedicatedSystem/SharedSystem, Outputs:0, VendorId:0x1414
[2019.05.28-02.12.54:527][  0]LogD3D11RHI: Chosen D3D11 Adapter: 0
[2019.05.28-02.12.54:575][  0]LogD3D11RHI: Creating new Direct3DDevice
[2019.05.28-02.12.54:575][  0]LogD3D11RHI:     GPU DeviceId: 0x1c20 (for the marketing name, search the web for "GPU Device Id")
[2019.05.28-02.12.54:575][  0]LogWindows: EnumDisplayDevices:
[2019.05.28-02.12.54:575][  0]LogWindows:    0. 'Intel(R) HD Graphics 530' (P:1 D:1)
[2019.05.28-02.12.54:576][  0]LogWindows:    1. 'Intel(R) HD Graphics 530' (P:0 D:0)
[2019.05.28-02.12.54:576][  0]LogWindows:    2. 'Intel(R) HD Graphics 530' (P:0 D:0)
[2019.05.28-02.12.54:576][  0]LogWindows:    3. 'NVIDIA GeForce GTX 1060' (P:0 D:0)
[2019.05.28-02.12.54:577][  0]LogWindows: DebugString: PrimaryIsNotTheChoosenAdapter PrimaryIsNotTheChoosenAdapter PrimaryIsNotTheChoosenAdapter 
[2019.05.28-02.12.54:577][  0]LogD3D11RHI:     Adapter Name: NVIDIA GeForce GTX 1060
[2019.05.28-02.12.54:577][  0]LogD3D11RHI:   Driver Version: 388.73 (internal:23.21.13.8873, unified:388.73)
[2019.05.28-02.12.54:577][  0]LogD3D11RHI:      Driver Date: 12-18-2017
[2019.05.28-02.12.54:577][  0]LogRHI: Texture pool is 4242 MB (70% of 6061 MB)
[2019.05.28-02.12.54:622][  0]LogD3D11RHI: Async texture creation enabled
[2019.05.28-02.12.54:637][  0]LogD3D11RHI: GPU Timing Frequency: 1000.000000 (Debug: 2 1)
[2019.05.28-02.12.55:168][  0]LogTemp: Display: Loaded TP AllDesktopTargetPlatform
[2019.05.28-02.12.55:195][  0]LogTemp: Display: Loaded TP MacClientTargetPlatform
[2019.05.28-02.12.55:213][  0]LogTemp: Display: Loaded TP MacNoEditorTargetPlatform
[2019.05.28-02.12.55:231][  0]LogTemp: Display: Loaded TP MacServerTargetPlatform
[2019.05.28-02.12.55:299][  0]LogTemp: Display: Loaded TP MacTargetPlatform
[2019.05.28-02.12.55:318][  0]LogTemp: Display: Loaded TP WindowsClientTargetPlatform
[2019.05.28-02.12.55:336][  0]LogTemp: Display: Loaded TP WindowsNoEditorTargetPlatform
[2019.05.28-02.12.55:355][  0]LogTemp: Display: Loaded TP WindowsServerTargetPlatform
[2019.05.28-02.12.55:364][  0]LogTemp: Display: Loaded TP WindowsTargetPlatform
[2019.05.28-02.12.55:483][  0]LogTemp: Display: Loaded TP AndroidTargetPlatform
[2019.05.28-02.12.55:483][  0]LogTemp: Display: Loaded TP AndroidTargetPlatform
[2019.05.28-02.12.55:483][  0]LogTemp: Display: Loaded TP AndroidTargetPlatform
[2019.05.28-02.12.55:484][  0]LogTemp: Display: Loaded TP AndroidTargetPlatform
[2019.05.28-02.12.55:484][  0]LogTemp: Display: Loaded TP AndroidTargetPlatform
[2019.05.28-02.12.55:484][  0]LogTemp: Display: Loaded TP AndroidTargetPlatform
[2019.05.28-02.12.55:484][  0]LogTemp: Display: Loaded TP AndroidTargetPlatform
[2019.05.28-02.12.55:484][  0]LogTemp: Display: Loaded TP AndroidTargetPlatform
[2019.05.28-02.12.55:484][  0]LogTemp: Display: Loaded TP AndroidTargetPlatform
[2019.05.28-02.12.55:484][  0]LogTemp: Display: Loaded TP AndroidTargetPlatform
[2019.05.28-02.12.55:484][  0]LogTemp: Display: Loaded TP AndroidTargetPlatform
[2019.05.28-02.12.55:484][  0]LogTemp: Display: Loaded TP AndroidTargetPlatform
[2019.05.28-02.12.55:484][  0]LogTemp: Display: Loaded TP AndroidTargetPlatform
[2019.05.28-02.12.55:484][  0]LogTemp: Display: Loaded TP AndroidTargetPlatform
[2019.05.28-02.12.55:484][  0]LogTemp: Display: Loaded TP AndroidTargetPlatform
[2019.05.28-02.12.55:484][  0]LogTemp: Display: Loaded TP AndroidTargetPlatform
[2019.05.28-02.12.55:484][  0]LogTemp: Display: Loaded TP AndroidTargetPlatform
[2019.05.28-02.12.55:484][  0]LogTemp: Display: Loaded TP AndroidTargetPlatform
[2019.05.28-02.12.55:487][  0]LogTemp: Display: Loaded TP HTML5TargetPlatform
[2019.05.28-02.12.55:552][  0]LogTemp: Display: Loaded TP IOSTargetPlatform
[2019.05.28-02.12.55:552][  0]LogTemp: Display: Loaded TP IOSTargetPlatform
[2019.05.28-02.12.55:581][  0]LogTemp: Display: Loaded TP TVOSTargetPlatform
[2019.05.28-02.12.55:581][  0]LogTemp: Display: Loaded TP TVOSTargetPlatform
[2019.05.28-02.12.55:596][  0]LogTemp: Display: Loaded TP LinuxClientTargetPlatform
[2019.05.28-02.12.55:612][  0]LogTemp: Display: Loaded TP LinuxNoEditorTargetPlatform
[2019.05.28-02.12.55:633][  0]LogTemp: Display: Loaded TP LinuxServerTargetPlatform
[2019.05.28-02.12.55:656][  0]LogTemp: Display: Loaded TP LinuxTargetPlatform
[2019.05.28-02.12.55:729][  0]LogTemp: Display: Loaded TP LuminTargetPlatform
[2019.05.28-02.12.55:729][  0]LogTemp: Display: Loaded TP LuminTargetPlatform
[2019.05.28-02.12.55:729][  0]LogTargetPlatformManager: Display: Building Assets For Windows
[2019.05.28-02.12.55:837][  0]LogShaderCompilers: Guid format shader working directory is -14 characters bigger than the processId version (C:/Users/xavie/OneDrive/Documents/GitHub/City-Whitebox/City/Intermediate/Shaders/WorkingDirectory/17036/).
[2019.05.28-02.12.55:837][  0]LogShaderCompilers: Cleaned the shader compiler working directory 'C:/Users/xavie/AppData/Local/Temp/UnrealShaderWorkingDir/B3A84E1D4A79A8BE00E40F9381ACFF21/'.
[2019.05.28-02.12.55:840][  0]LogXGEController: Cleaning working directory: C:/Users/xavie/AppData/Local/Temp/UnrealXGEWorkingDir/
[2019.05.28-02.12.55:841][  0]LogXGEController: Cannot use XGE Controller as Incredibuild is not installed on this machine.
[2019.05.28-02.12.55:841][  0]LogShaderCompilers: Cannot use XGE Shader Compiler as Incredibuild is not installed on this machine.
[2019.05.28-02.12.55:841][  0]LogShaderCompilers: Display: Using Local Shader Compiler.
[2019.05.28-02.12.56:484][  0]LogDerivedDataCache: Display: Max Cache Size: 512 MB
[2019.05.28-02.12.56:547][  0]LogDerivedDataCache: Loaded boot cache 0.06s 71MB C:/Users/xavie/AppData/Local/UnrealEngine/4.21/DerivedDataCache/Boot.ddc.
[2019.05.28-02.12.56:547][  0]LogDerivedDataCache: Display: Loaded Boot cache: C:/Users/xavie/AppData/Local/UnrealEngine/4.21/DerivedDataCache/Boot.ddc
[2019.05.28-02.12.56:547][  0]LogDerivedDataCache: FDerivedDataBackendGraph:  Pak pak cache file C:/Users/xavie/OneDrive/Documents/GitHub/City-Whitebox/City/DerivedDataCache/DDC.ddp not found, will not use a pak cache.
[2019.05.28-02.12.56:547][  0]LogDerivedDataCache: Unable to find inner node Pak for hierarchical cache Hierarchy.
[2019.05.28-02.12.56:547][  0]LogDerivedDataCache: FDerivedDataBackendGraph:  CompressedPak pak cache file C:/Users/xavie/OneDrive/Documents/GitHub/City-Whitebox/City/DerivedDataCache/Compressed.ddp not found, will not use a pak cache.
[2019.05.28-02.12.56:547][  0]LogDerivedDataCache: Unable to find inner node CompressedPak for hierarchical cache Hierarchy.
[2019.05.28-02.12.56:565][  0]LogDerivedDataCache: Display: Pak cache opened for reading ../../../Engine/DerivedDataCache/Compressed.ddp.
[2019.05.28-02.12.56:566][  0]LogDerivedDataCache: FDerivedDataBackendGraph:  EnterprisePak pak cache file ../../../Enterprise/DerivedDataCache/Compressed.ddp not found, will not use a pak cache.
[2019.05.28-02.12.56:566][  0]LogDerivedDataCache: Unable to find inner node EnterprisePak for hierarchical cache Hierarchy.
[2019.05.28-02.12.56:579][  0]LogDerivedDataCache: Using Local data cache path C:/Users/xavie/AppData/Local/UnrealEngine/Common/DerivedDataCache: Writable
[2019.05.28-02.12.56:579][  0]LogDerivedDataCache: Shared data cache path not found in *engine.ini, will not use an Shared cache.
[2019.05.28-02.12.56:579][  0]LogDerivedDataCache: Unable to find inner node Shared for hierarchical cache Hierarchy.
[2019.05.28-02.12.56:608][  0]LogMaterial: Verifying Global Shaders for PCD3D_SM5
[2019.05.28-02.12.56:610][  0]LogSlate: Using FreeType 2.6.0
[2019.05.28-02.12.56:611][  0]LogSlate: SlateFontServices - WITH_FREETYPE: 1, WITH_HARFBUZZ: 1
[2019.05.28-02.12.56:716][  0]LogAssetRegistry: FAssetRegistry took 0.0350 seconds to start up
[2019.05.28-02.12.57:244][  0]LogInit: Selected Device Profile: [Windows]
[2019.05.28-02.12.57:497][  0]LogSimplygon: Simplygon DLL not present - disabling.
[2019.05.28-02.12.57:501][  0]LogMeshReduction: Using SimplygonSwarm for distributed automatic mesh merging
[2019.05.28-02.12.57:501][  0]LogMeshReduction: Using ProxyLODMeshReduction for automatic mesh merging
[2019.05.28-02.12.57:501][  0]LogMeshReduction: Using QuadricMeshReduction for automatic static mesh reduction
[2019.05.28-02.12.57:501][  0]LogMeshReduction: No automatic skeletal mesh reduction module available
[2019.05.28-02.12.57:525][  0]LogNetVersion: City 1.0.0, NetCL: 4541578, EngineNetVer: 5, GameNetVer: 0 (Checksum: 3926718072)
[2019.05.28-02.12.58:209][  0]LogPackageLocalizationCache: Processed 11 localized package path(s) for 2 prioritized culture(s) in 0.135911 seconds
[2019.05.28-02.12.58:217][  0]LogUObjectArray: 39775 objects as part of root set at end of initial load.
[2019.05.28-02.12.58:217][  0]LogUObjectAllocator: 6914664 out of 0 bytes used by permanent object pool.
[2019.05.28-02.12.58:217][  0]LogUObjectArray: CloseDisregardForGC: 0/0 objects in disregard for GC pool
[2019.05.28-02.12.59:282][  0]LogTcpMessaging: Initializing TcpMessaging bridge
[2019.05.28-02.12.59:296][  0]LogUdpMessaging: Initializing bridge on interface 0.0.0.0:0 to multicast group 230.0.0.1:6666.
[2019.05.28-02.13.00:327][  0]SourceControl: Source control is disabled
[2019.05.28-02.13.00:327][  0]SourceControl: Source control is disabled
[2019.05.28-02.13.00:329][  0]SourceControl: Source control is disabled
[2019.05.28-02.13.00:330][  0]SourceControl: Source control is disabled
[2019.05.28-02.13.00:581][  0]LogAndroidPermission: UAndroidPermissionCallbackProxy::GetInstance
[2019.05.28-02.13.00:797][  0]LogOcInput: OculusInput pre-init called
[2019.05.28-02.13.00:976][  0]LogEngine: Initializing Engine...
[2019.05.28-02.13.00:977][  0]LogHMD: Failed to initialize OpenVR with code 110
[2019.05.28-02.13.00:979][  0]LogStats: UGameplayTagsManager::ConstructGameplayTagTree: ImportINI prefixes -  0.000 s
[2019.05.28-02.13.00:979][  0]LogStats: UGameplayTagsManager::ConstructGameplayTagTree: Construct from data asset -  0.000 s
[2019.05.28-02.13.00:979][  0]LogStats: UGameplayTagsManager::ConstructGameplayTagTree: ImportINI -  0.000 s
[2019.05.28-02.13.00:979][  0]LogStats: UGameplayTagsManager::ConstructGameplayTagTree: GameplayTagTreeChangedEvent.Broadcast -  0.000 s
[2019.05.28-02.13.01:327][  0]LogInit: Initializing FReadOnlyCVARCache
[2019.05.28-02.13.01:347][  0]LogAIModule: Creating AISystem for world Untitled
[2019.05.28-02.13.01:463][  0]LogInit: XAudio2 using 'Speakers (Realtek High Definition Audio)' : 2 channels at 48 kHz using 32 bits per sample (channel mask 0x3)
[2019.05.28-02.13.01:493][  0]LogInit: FAudioDevice initialized.
[2019.05.28-02.13.01:493][  0]LogNetVersion: Set ProjectVersion to 1.0.0.0. Version Checksum will be recalculated on next use.
[2019.05.28-02.13.01:709][  0]LogDerivedDataCache: Saved boot cache 0.22s 71MB C:/Users/xavie/AppData/Local/UnrealEngine/4.21/DerivedDataCache/Boot.ddc.
[2019.05.28-02.13.01:710][  0]LogInit: Texture streaming: Enabled
[2019.05.28-02.13.01:739][  0]LogEngineSessionManager: EngineSessionManager initialized
[2019.05.28-02.13.01:764][  0]LogInit: Transaction tracking system initialized
[2019.05.28-02.13.01:803][  0]BlueprintLog: New page: Editor Load
[2019.05.28-02.13.01:932][  0]LocalizationService: Localization service is disabled
[2019.05.28-02.13.02:545][  0]LogFileCache: Scanning file cache for directory 'C:/Users/xavie/OneDrive/Documents/GitHub/City-Whitebox/City/Content/' took 0.02s
[2019.05.28-02.13.02:545][  0]LogCook: Display: Max memory allowance for cook 16384mb min free memory 0mb
[2019.05.28-02.13.02:545][  0]LogCook: Display: Mobile HDR setting 1
[2019.05.28-02.13.02:545][  0]LogGameplayTags: Display: UGameplayTagsManager::DoneAddingNativeTags. DelegateIsBound: 0
[2019.05.28-02.13.02:545][  0]LogStats: UGameplayTagsManager::ConstructGameplayTagTree: ImportINI prefixes -  0.000 s
[2019.05.28-02.13.02:545][  0]LogStats: UGameplayTagsManager::ConstructGameplayTagTree: Construct from data asset -  0.000 s
[2019.05.28-02.13.02:545][  0]LogStats: UGameplayTagsManager::ConstructGameplayTagTree: ImportINI -  0.000 s
[2019.05.28-02.13.02:545][  0]LogStats: UGameplayTagsManager::ConstructGameplayTagTree: GameplayTagTreeChangedEvent.Broadcast -  0.000 s
[2019.05.28-02.13.02:738][  0]SourceControl: Source control is disabled
[2019.05.28-02.13.02:738][  0]Cmd: MAP LOAD FILE="../../../Engine/Content/Maps/Templates/Template_Default.umap" TEMPLATE=1 SHOWPROGRESS=1 FEATURELEVEL=3
[2019.05.28-02.13.02:739][  0]LightingResults: New page: Lighting Build
[2019.05.28-02.13.02:743][  0]MapCheck: New page: Map Check
[2019.05.28-02.13.02:743][  0]LightingResults: New page: Lighting Build
[2019.05.28-02.13.03:031][  0]LogAIModule: Creating AISystem for world Untitled_1
[2019.05.28-02.13.03:040][  0]LogEditorServer: Finished looking for orphan Actors (0.000 secs)
[2019.05.28-02.13.03:079][  0]Cmd: MAP CHECKDEP NOCLEARLOG
[2019.05.28-02.13.03:079][  0]MapCheck: Map check complete: 0 Error(s), 0 Warning(s), took 0.316ms to complete.
[2019.05.28-02.13.03:079][  0]LogFileHelpers: Loading map 'Template_Default' took 0.341
[2019.05.28-02.13.03:301][  0]LogSlate: Updating window title bar state: overlay mode, drag disabled, window buttons hidden, title bar hidden
[2019.05.28-02.13.03:316][  0]LogSlate: Updating window title bar state: overlay mode, drag disabled, window buttons hidden, title bar hidden
[2019.05.28-02.13.03:330][  0]LogSlate: Updating window title bar state: overlay mode, drag disabled, window buttons hidden, title bar hidden
[2019.05.28-02.13.03:342][  0]LogSlate: Updating window title bar state: overlay mode, drag disabled, window buttons hidden, title bar hidden
[2019.05.28-02.13.03:373][  0]LogCollectionManager: Loaded 0 collections in 0.002986 seconds
[2019.05.28-02.13.03:391][  0]LogFileCache: Scanning file cache for directory 'C:/Users/xavie/OneDrive/Documents/GitHub/City-Whitebox/City/Saved/Collections/' took 0.01s
[2019.05.28-02.13.03:391][  0]LogFileCache: Scanning file cache for directory 'C:/Users/xavie/OneDrive/Documents/GitHub/City-Whitebox/City/Content/Developers/xavie/Collections/' took 0.00s
[2019.05.28-02.13.03:391][  0]LogFileCache: Scanning file cache for directory 'C:/Users/xavie/OneDrive/Documents/GitHub/City-Whitebox/City/Content/Collections/' took 0.00s
[2019.05.28-02.13.03:391][  0]LogCollectionManager: Rebuilt the GUID cache for 0 collections in 0.000000 seconds
[2019.05.28-02.13.03:402][  0]LogContentBrowser: Native class hierarchy populated in 0.0107 seconds. Added 2651 classes and 620 folders.
[2019.05.28-02.13.03:410][  0]LogContentBrowser: Native class hierarchy updated for 'WidgetCarousel' in 0.0003 seconds. Added 0 classes and 0 folders.
[2019.05.28-02.13.03:468][  0]LogPakFile: Registered encryption key '00000000000000000000000000000000': 0 pak files mounted, 0 remain pending
[2019.05.28-02.13.03:484][  0]LogPakFile: Registered encryption key '00000000000000000000000000000000': 0 pak files mounted, 0 remain pending
[2019.05.28-02.13.03:490][  0]LogPakFile: Registered encryption key '00000000000000000000000000000000': 0 pak files mounted, 0 remain pending
[2019.05.28-02.13.03:497][  0]LogPakFile: Registered encryption key '00000000000000000000000000000000': 0 pak files mounted, 0 remain pending
[2019.05.28-02.13.03:503][  0]LogPakFile: Registered encryption key '00000000000000000000000000000000': 0 pak files mounted, 0 remain pending
[2019.05.28-02.13.03:510][  0]LogPakFile: Registered encryption key '00000000000000000000000000000000': 0 pak files mounted, 0 remain pending
[2019.05.28-02.13.03:516][  0]LogPakFile: Registered encryption key '00000000000000000000000000000000': 0 pak files mounted, 0 remain pending
[2019.05.28-02.13.03:522][  0]LogPakFile: Registered encryption key '00000000000000000000000000000000': 0 pak files mounted, 0 remain pending
[2019.05.28-02.13.03:529][  0]LogPakFile: Registered encryption key '00000000000000000000000000000000': 0 pak files mounted, 0 remain pending
[2019.05.28-02.13.03:535][  0]LogPakFile: Registered encryption key '00000000000000000000000000000000': 0 pak files mounted, 0 remain pending
[2019.05.28-02.13.03:542][  0]LogPakFile: Registered encryption key '00000000000000000000000000000000': 0 pak files mounted, 0 remain pending
[2019.05.28-02.13.03:548][  0]LogPakFile: Registered encryption key '00000000000000000000000000000000': 0 pak files mounted, 0 remain pending
[2019.05.28-02.13.03:555][  0]LogPakFile: Registered encryption key '00000000000000000000000000000000': 0 pak files mounted, 0 remain pending
[2019.05.28-02.13.03:562][  0]LogPakFile: Registered encryption key '00000000000000000000000000000000': 0 pak files mounted, 0 remain pending
[2019.05.28-02.13.03:568][  0]LogPakFile: Registered encryption key '00000000000000000000000000000000': 0 pak files mounted, 0 remain pending
[2019.05.28-02.13.03:574][  0]LogPakFile: Registered encryption key '00000000000000000000000000000000': 0 pak files mounted, 0 remain pending
[2019.05.28-02.13.03:581][  0]LogPakFile: Registered encryption key '00000000000000000000000000000000': 0 pak files mounted, 0 remain pending
[2019.05.28-02.13.03:587][  0]LogPakFile: Registered encryption key '00000000000000000000000000000000': 0 pak files mounted, 0 remain pending
[2019.05.28-02.13.03:593][  0]LogPakFile: Registered encryption key '00000000000000000000000000000000': 0 pak files mounted, 0 remain pending
[2019.05.28-02.13.03:600][  0]LogPakFile: Registered encryption key '00000000000000000000000000000000': 0 pak files mounted, 0 remain pending
[2019.05.28-02.13.03:606][  0]LogPakFile: Registered encryption key '00000000000000000000000000000000': 0 pak files mounted, 0 remain pending
[2019.05.28-02.13.03:613][  0]LogPakFile: Registered encryption key '00000000000000000000000000000000': 0 pak files mounted, 0 remain pending
[2019.05.28-02.13.03:620][  0]LogPakFile: Registered encryption key '00000000000000000000000000000000': 0 pak files mounted, 0 remain pending
[2019.05.28-02.13.03:627][  0]LogPakFile: Registered encryption key '00000000000000000000000000000000': 0 pak files mounted, 0 remain pending
[2019.05.28-02.13.03:632][  0]LogPakFile: Registered encryption key '00000000000000000000000000000000': 0 pak files mounted, 0 remain pending
[2019.05.28-02.13.03:639][  0]LogPakFile: Registered encryption key '00000000000000000000000000000000': 0 pak files mounted, 0 remain pending
[2019.05.28-02.13.05:980][  0]LogContentBrowser: Native class hierarchy updated for 'AddContentDialog' in 0.0003 seconds. Added 0 classes and 0 folders.
[2019.05.28-02.13.06:086][  0]LogContentBrowser: Native class hierarchy updated for 'SceneOutliner' in 0.0003 seconds. Added 1 classes and 2 folders.
[2019.05.28-02.13.06:110][  0]LogSlate: Took 0.000187 seconds to synchronously load lazily loaded font '../../../Engine/Content/Slate/Fonts/Roboto-Regular.ttf' (155K)
[2019.05.28-02.13.06:114][  0]LogSlate: Took 0.000253 seconds to synchronously load lazily loaded font '../../../Engine/Content/Slate/Fonts/Roboto-Bold.ttf' (160K)
[2019.05.28-02.13.06:133][  0]LogSlate: Took 0.010915 seconds to synchronously load lazily loaded font '../../../Engine/Content/Editor/Slate/Fonts/FontAwesome.ttf' (139K)
[2019.05.28-02.13.06:470][  0]LogRenderer: Reallocating scene render targets to support 1004x460 Format 10 NumSamples 1 (Frame:1).
[2019.05.28-02.13.06:807][  0]LogContentBrowser: Native class hierarchy updated for 'HierarchicalLODOutliner' in 0.0004 seconds. Added 0 classes and 0 folders.
[2019.05.28-02.13.06:807][  0]LogLoad: (Engine Initialization) Total time: 17.54 seconds
[2019.05.28-02.13.06:807][  0]LogLoad: (Engine Initialization) Total Blueprint compile time: 0.00 seconds
[2019.05.28-02.13.06:881][  0]LogContentStreaming: Texture pool size now 1000 MB
[2019.05.28-02.13.07:061][  2]LogAssetRegistry: Asset discovery search completed in 10.3673 seconds
[2019.05.28-02.13.07:067][  2]LogCollectionManager: Rebuilt the object cache for 0 collections in 0.000001 seconds (found 0 objects)
[2019.05.28-02.13.07:067][  2]LogCollectionManager: Fixed up redirectors for 0 collections in 0.000095 seconds (updated 0 objects)
[2019.05.28-02.13.08:395][  6]LogSlate: Took 0.015041 seconds to synchronously load lazily loaded font '../../../Engine/Content/Slate/Fonts/Roboto-Light.ttf' (167K)
[2019.05.28-02.14.09:256][424]LogSlate: FSceneViewport::OnFocusLost() reason 0
[2019.05.28-02.14.09:481][438]LogAIModule: Creating AISystem for world InClassWoodMaterials
[2019.05.28-02.14.09:489][438]LogAssetEditorManager: Opening Asset editor for World /Game/Maps/InClassWoodMaterials.InClassWoodMaterials
[2019.05.28-02.14.09:516][438]Cmd: MAP LOAD FILE="C:/Users/xavie/OneDrive/Documents/GitHub/City-Whitebox/City/Content/Maps/InClassWoodMaterials.umap" TEMPLATE=0 SHOWPROGRESS=1 FEATURELEVEL=3
[2019.05.28-02.14.09:516][438]LightingResults: New page: Lighting Build
[2019.05.28-02.14.09:517][438]LoadErrors: New page: Loading map: InClassWoodMaterials.umap
[2019.05.28-02.14.09:518][438]MapCheck: New page: Map Check
[2019.05.28-02.14.09:518][438]LightingResults: New page: Lighting Build
[2019.05.28-02.14.09:547][438]LogEditorServer: Finished looking for orphan Actors (0.000 secs)
[2019.05.28-02.14.09:586][438]Cmd: MAP CHECKDEP NOCLEARLOG
[2019.05.28-02.14.09:586][438]MapCheck: Map check complete: 0 Error(s), 0 Warning(s), took 0.151ms to complete.
[2019.05.28-02.14.09:586][438]LogFileHelpers: Loading map 'InClassWoodMaterials' took 0.071
[2019.05.28-02.14.11:311][580]LogAssetEditorManager: Opening Asset editor for MaterialInstanceConstant /Game/MM_Wood002_I.MM_Wood002_I
[2019.05.28-02.14.13:787][668]LogRenderer: Reallocating scene render targets to support 1112x744 Format 10 NumSamples 1 (Frame:8).
[2019.05.28-02.14.13:878][675]LogSlate: Window 'MM_Wood002_I' being destroyed
[2019.05.28-02.14.13:888][675]LogRenderer: Reallocating scene render targets to support 2008x916 Format 10 NumSamples 1 (Frame:214).
[2019.05.28-02.14.30:091][959]LogAssetEditorManager: Opening Asset editor for Material /Game/MM_Wood001.MM_Wood001
[2019.05.28-02.14.30:097][959]LogMaterial: Display: Missing cached shader map for material MM_Wood001, compiling. 
[2019.05.28-02.14.30:229][959]LogMaterial: Display: Missing cached shader map for material MM_Wood001, compiling. 
[2019.05.28-02.14.30:248][959]LogShaderCompilers: Display: Shaders left to compile 21
[2019.05.28-02.14.30:248][959]LogShaderCompilers: Display: Shaders left to compile 20
[2019.05.28-02.14.30:248][959]LogShaderCompilers: Display: Shaders left to compile 19
[2019.05.28-02.14.30:248][959]LogShaderCompilers: Display: Shaders left to compile 18
[2019.05.28-02.14.30:254][959]LogMaterial: Display: Missing cached shader map for material MM_Wood001, compiling. 
[2019.05.28-02.14.30:306][959]LogMaterial: Display: Missing cached shader map for material FMatExpressionPreview MaterialExpressionTextureSampleParameter2D_0, compiling. 
[2019.05.28-02.14.30:313][959]LogMaterial: Display: Missing cached shader map for material FMatExpressionPreview MaterialExpressionTextureSampleParameter2D_1, compiling. 
[2019.05.28-02.14.30:714][959]LogSlate: Took 0.374250 seconds to synchronously load lazily loaded font '../../../Engine/Content/Slate/Fonts/Roboto-BoldCondensed.ttf' (158K)
[2019.05.28-02.14.31:281][960]LogSlate: Took 0.018501 seconds to synchronously load lazily loaded font '../../../Engine/Content/Slate/Fonts/Roboto-Italic.ttf' (157K)
[2019.05.28-02.14.33:427][113]LogShaderCompilers: Display: Shaders left to compile 25
[2019.05.28-02.14.33:523][118]LogShaderCompilers: Display: Shaders left to compile 24
[2019.05.28-02.14.33:523][118]LogShaderCompilers: Display: Shaders left to compile 23
[2019.05.28-02.14.33:523][118]LogShaderCompilers: Display: Shaders left to compile 22
[2019.05.28-02.14.33:835][138]LogShaderCompilers: Display: Shaders left to compile 21
[2019.05.28-02.14.33:848][139]LogShaderCompilers: Display: Shaders left to compile 20
[2019.05.28-02.14.33:917][145]LogShaderCompilers: Display: Shaders left to compile 19
[2019.05.28-02.14.33:928][146]LogShaderCompilers: Display: Shaders left to compile 18
[2019.05.28-02.14.34:167][164]LogShaderCompilers: Display: Shaders left to compile 17
[2019.05.28-02.14.34:167][164]LogShaderCompilers: Display: Shaders left to compile 16
[2019.05.28-02.14.34:167][164]LogShaderCompilers: Display: Shaders left to compile 15
[2019.05.28-02.14.34:227][168]LogShaderCompilers: Display: Shaders left to compile 14
[2019.05.28-02.14.34:488][189]LogShaderCompilers: Display: Shaders left to compile 13
[2019.05.28-02.14.34:693][205]LogShaderCompilers: Display: Shaders left to compile 12
[2019.05.28-02.14.35:056][233]LogShaderCompilers: Display: Shaders left to compile 11
[2019.05.28-02.14.35:110][237]LogShaderCompilers: Display: Shaders left to compile 10
[2019.05.28-02.14.35:383][257]LogShaderCompilers: Display: Shaders left to compile 9
[2019.05.28-02.14.35:657][272]LogShaderCompilers: Display: Shaders left to compile 8
[2019.05.28-02.14.35:694][275]LogShaderCompilers: Display: Shaders left to compile 7
[2019.05.28-02.14.36:127][305]LogShaderCompilers: Display: Shaders left to compile 6
[2019.05.28-02.14.36:153][307]LogShaderCompilers: Display: Shaders left to compile 5
[2019.05.28-02.14.36:550][336]LogShaderCompilers: Display: Shaders left to compile 4
[2019.05.28-02.14.36:561][337]LogShaderCompilers: Display: Shaders left to compile 3
[2019.05.28-02.14.36:669][345]LogShaderCompilers: Display: Shaders left to compile 2
[2019.05.28-02.14.36:970][366]LogShaderCompilers: Display: Shaders left to compile 1
[2019.05.28-02.14.40:891][737]LogMaterial: Display: Missing cached shader map for material MM_Wood001, compiling. 
[2019.05.28-02.14.40:944][738]LogShaderCompilers: Display: Shaders left to compile 21
[2019.05.28-02.14.40:944][738]LogShaderCompilers: Display: Shaders left to compile 20
[2019.05.28-02.14.40:945][738]LogShaderCompilers: Display: Shaders left to compile 19
[2019.05.28-02.14.40:945][738]LogShaderCompilers: Display: Shaders left to compile 18
[2019.05.28-02.14.41:294][757]LogShaderCompilers: Display: Shaders left to compile 17
[2019.05.28-02.14.41:387][762]LogShaderCompilers: Display: Shaders left to compile 16
[2019.05.28-02.14.41:415][763]LogShaderCompilers: Display: Shaders left to compile 15
[2019.05.28-02.14.41:416][763]LogShaderCompilers: Display: Shaders left to compile 14
[2019.05.28-02.14.41:704][776]LogShaderCompilers: Display: Shaders left to compile 13
[2019.05.28-02.14.41:743][778]LogShaderCompilers: Display: Shaders left to compile 12
[2019.05.28-02.14.41:799][781]LogShaderCompilers: Display: Shaders left to compile 11
[2019.05.28-02.14.41:831][783]LogShaderCompilers: Display: Shaders left to compile 10
[2019.05.28-02.14.42:131][804]LogShaderCompilers: Display: Shaders left to compile 9
[2019.05.28-02.14.42:455][821]LogShaderCompilers: Display: Shaders left to compile 8
[2019.05.28-02.14.42:853][843]LogMaterial: Display: Missing cached shader map for material MM_Wood001, compiling. 
[2019.05.28-02.14.42:932][844]LogShaderCompilers: Display: Shaders left to compile 21
[2019.05.28-02.14.42:932][844]LogShaderCompilers: Display: Shaders left to compile 20
[2019.05.28-02.14.43:196][860]LogShaderCompilers: Display: Shaders left to compile 19
[2019.05.28-02.14.43:508][876]LogShaderCompilers: Display: Shaders left to compile 18
[2019.05.28-02.14.43:508][876]LogShaderCompilers: Display: Shaders left to compile 17
[2019.05.28-02.14.43:527][877]LogShaderCompilers: Display: Shaders left to compile 16
[2019.05.28-02.14.43:778][891]LogShaderCompilers: Display: Shaders left to compile 15
[2019.05.28-02.14.43:957][903]LogShaderCompilers: Display: Shaders left to compile 14
[2019.05.28-02.14.43:957][903]LogShaderCompilers: Display: Shaders left to compile 13
[2019.05.28-02.14.43:985][904]LogShaderCompilers: Display: Shaders left to compile 12
[2019.05.28-02.14.44:076][912]LogShaderCompilers: Display: Shaders left to compile 11
[2019.05.28-02.14.44:186][921]LogShaderCompilers: Display: Shaders left to compile 10
[2019.05.28-02.14.44:243][926]LogShaderCompilers: Display: Shaders left to compile 9
[2019.05.28-02.14.44:645][957]LogShaderCompilers: Display: Shaders left to compile 8
[2019.05.28-02.14.44:762][966]LogShaderCompilers: Display: Shaders left to compile 7
[2019.05.28-02.14.44:947][980]LogShaderCompilers: Display: Shaders left to compile 6
[2019.05.28-02.14.45:053][988]LogShaderCompilers: Display: Shaders left to compile 5
[2019.05.28-02.14.45:201][  0]LogShaderCompilers: Display: Shaders left to compile 4
[2019.05.28-02.14.45:507][ 22]LogShaderCompilers: Display: Shaders left to compile 3
[2019.05.28-02.14.45:729][ 40]LogShaderCompilers: Display: Shaders left to compile 2
[2019.05.28-02.14.45:805][ 46]LogShaderCompilers: Display: Shaders left to compile 1
[2019.05.28-02.14.48:761][337]LogMaterial: Display: Missing cached shader map for material MM_Wood001, compiling. 
[2019.05.28-02.14.48:825][338]LogShaderCompilers: Display: Shaders left to compile 21
[2019.05.28-02.14.48:825][338]LogShaderCompilers: Display: Shaders left to compile 20
[2019.05.28-02.14.48:825][338]LogShaderCompilers: Display: Shaders left to compile 19
[2019.05.28-02.14.48:825][338]LogShaderCompilers: Display: Shaders left to compile 18
[2019.05.28-02.14.49:214][361]LogShaderCompilers: Display: Shaders left to compile 17
[2019.05.28-02.14.49:313][367]LogShaderCompilers: Display: Shaders left to compile 16
[2019.05.28-02.14.49:337][368]LogShaderCompilers: Display: Shaders left to compile 15
[2019.05.28-02.14.49:337][368]LogShaderCompilers: Display: Shaders left to compile 14
[2019.05.28-02.14.49:707][386]LogShaderCompilers: Display: Shaders left to compile 13
[2019.05.28-02.14.49:761][388]LogShaderCompilers: Display: Shaders left to compile 12
[2019.05.28-02.14.49:799][390]LogShaderCompilers: Display: Shaders left to compile 11
[2019.05.28-02.14.49:799][390]LogShaderCompilers: Display: Shaders left to compile 10
[2019.05.28-02.14.50:122][409]LogShaderCompilers: Display: Shaders left to compile 9
[2019.05.28-02.14.50:432][429]LogShaderCompilers: Display: Shaders left to compile 8
[2019.05.28-02.14.51:030][463]LogMaterial: Display: Missing cached shader map for material MM_Wood001, compiling. 
[2019.05.28-02.14.51:045][463]LogShaderCompilers: Display: Shaders left to compile 21
[2019.05.28-02.14.51:045][463]LogShaderCompilers: Display: Shaders left to compile 20
[2019.05.28-02.14.51:218][471]LogShaderCompilers: Display: Shaders left to compile 19
[2019.05.28-02.14.51:586][493]LogShaderCompilers: Display: Shaders left to compile 18
[2019.05.28-02.14.51:605][494]LogShaderCompilers: Display: Shaders left to compile 17
[2019.05.28-02.14.51:653][497]LogShaderCompilers: Display: Shaders left to compile 16
[2019.05.28-02.14.51:999][518]LogShaderCompilers: Display: Shaders left to compile 15
[2019.05.28-02.14.52:135][526]LogShaderCompilers: Display: Shaders left to compile 14
[2019.05.28-02.14.52:232][532]LogShaderCompilers: Display: Shaders left to compile 13
[2019.05.28-02.14.52:264][534]LogShaderCompilers: Display: Shaders left to compile 12
[2019.05.28-02.14.52:544][551]LogShaderCompilers: Display: Shaders left to compile 11
[2019.05.28-02.14.52:562][552]LogShaderCompilers: Display: Shaders left to compile 10
[2019.05.28-02.14.52:763][564]LogShaderCompilers: Display: Shaders left to compile 9
[2019.05.28-02.14.53:294][596]LogShaderCompilers: Display: Shaders left to compile 8
[2019.05.28-02.14.53:579][613]LogShaderCompilers: Display: Shaders left to compile 7
[2019.05.28-02.14.53:923][634]LogShaderCompilers: Display: Shaders left to compile 6
[2019.05.28-02.14.54:027][640]LogShaderCompilers: Display: Shaders left to compile 5
[2019.05.28-02.14.54:313][657]LogShaderCompilers: Display: Shaders left to compile 4
[2019.05.28-02.14.54:645][677]LogShaderCompilers: Display: Shaders left to compile 3
[2019.05.28-02.14.55:051][702]LogShaderCompilers: Display: Shaders left to compile 2
[2019.05.28-02.14.55:267][715]LogShaderCompilers: Display: Shaders left to compile 1
[2019.05.28-02.14.56:098][772]MaterialEditorStats: Base pass shader: 112 instructions
[2019.05.28-02.14.56:098][772]MaterialEditorStats: Base pass shader with Volumetric Lightmap: 186 instructions
[2019.05.28-02.14.56:098][772]MaterialEditorStats: Base pass vertex shader: 36 instructions
[2019.05.28-02.14.56:098][772]MaterialEditorStats: Texture samplers: 5/16
[2019.05.28-02.14.56:098][772]MaterialEditorStats: Texture Lookups (Est.): VS(0), PS(2)
[2019.05.28-02.14.56:098][772]MaterialEditorStats: User interpolators: 2/4 Scalars (1/4 Vectors) (TexCoords: 2, Custom: 0)
[2019.05.28-02.18.24:086][976]LogSlate: FSceneViewport::OnFocusLost() reason 0
[2019.05.28-02.18.51:309][138]LogSlate: FSceneViewport::OnFocusLost() reason 0
[2019.05.28-02.27.49:174][ 17]LogMaterialEditor: Applying material MM_Wood001
[2019.05.28-02.27.49:588][ 17]LogMaterial: Display: Missing cached shader map for material MM_Wood001, compiling. 
[2019.05.28-02.27.49:652][ 17]LogShaderCompilers: Display: Shaders left to compile 21
[2019.05.28-02.27.49:652][ 17]LogShaderCompilers: Display: Shaders left to compile 20
[2019.05.28-02.27.49:652][ 17]LogShaderCompilers: Display: Shaders left to compile 19
[2019.05.28-02.27.49:652][ 17]LogShaderCompilers: Display: Shaders left to compile 18
[2019.05.28-02.27.49:678][ 17]LogMaterial: Display: Missing cached shader map for material MM_Wood001, compiling. 
[2019.05.28-02.27.49:700][ 17]LogMaterial: Display: Missing cached shader map for material MM_Wood001, compiling. 
[2019.05.28-02.27.49:751][ 17]LogMaterial: Display: Missing cached shader map for material FDebugViewModeMaterialProxy MM_Wood001, compiling. 
[2019.05.28-02.27.52:072][ 17]LogShaderCompilers: Display: Shaders left to compile 40
[2019.05.28-02.27.52:072][ 17]LogShaderCompilers: Display: Shaders left to compile 39
[2019.05.28-02.27.52:072][ 17]LogShaderCompilers: Display: Shaders left to compile 38
[2019.05.28-02.27.52:072][ 17]LogShaderCompilers: Display: Shaders left to compile 37
[2019.05.28-02.27.52:072][ 17]LogShaderCompilers: Display: Shaders left to compile 36
[2019.05.28-02.27.52:072][ 17]LogShaderCompilers: Display: Shaders left to compile 35
[2019.05.28-02.27.52:072][ 17]LogShaderCompilers: Display: Shaders left to compile 34
[2019.05.28-02.27.52:072][ 17]LogShaderCompilers: Display: Shaders left to compile 33
[2019.05.28-02.27.52:072][ 17]LogShaderCompilers: Display: Shaders left to compile 32
[2019.05.28-02.27.52:072][ 17]LogShaderCompilers: Display: Shaders left to compile 31
[2019.05.28-02.27.52:072][ 17]LogShaderCompilers: Display: Shaders left to compile 30
[2019.05.28-02.27.52:072][ 17]LogShaderCompilers: Display: Shaders left to compile 29
[2019.05.28-02.27.52:072][ 17]LogShaderCompilers: Display: Shaders left to compile 28
[2019.05.28-02.27.52:072][ 17]LogShaderCompilers: Display: Shaders left to compile 27
[2019.05.28-02.27.52:072][ 17]LogShaderCompilers: Display: Shaders left to compile 26
[2019.05.28-02.27.52:072][ 17]LogShaderCompilers: Display: Shaders left to compile 25
[2019.05.28-02.27.52:072][ 17]LogShaderCompilers: Display: Shaders left to compile 24
[2019.05.28-02.27.52:072][ 17]LogShaderCompilers: Display: Shaders left to compile 23
[2019.05.28-02.27.52:072][ 17]LogShaderCompilers: Display: Shaders left to compile 22
[2019.05.28-02.27.52:072][ 17]LogShaderCompilers: Display: Shaders left to compile 12
[2019.05.28-02.27.52:072][ 17]LogShaderCompilers: Display: Shaders left to compile 2
[2019.05.28-02.27.52:075][ 17]TextureStreamingBuild: Display: Compiling optional shaders took 2.333 seconds.
[2019.05.28-02.27.52:945][ 71]LogMaterialEditor: Saving and Compiling material MM_Wood001
[2019.05.28-02.27.55:286][ 71]Cmd: OBJ SAVEPACKAGE PACKAGE="/Game/MM_Wood001" FILE="C:/Users/xavie/OneDrive/Documents/GitHub/City-Whitebox/City/Content/MM_Wood001.uasset" SILENT=true
[2019.05.28-02.27.55:328][ 71]LogSavePackage: Moving 'C:/Users/xavie/OneDrive/Documents/GitHub/City-Whitebox/City/Saved/MM_Wood001446220F24E02A49F1607EFB117A5AF03.tmp' to 'C:/Users/xavie/OneDrive/Documents/GitHub/City-Whitebox/City/Content/MM_Wood001.uasset'
[2019.05.28-02.27.55:347][ 71]MaterialEditorStats: Base pass shader: 112 instructions
[2019.05.28-02.27.55:347][ 71]MaterialEditorStats: Base pass shader with Volumetric Lightmap: 186 instructions
[2019.05.28-02.27.55:348][ 71]MaterialEditorStats: Base pass vertex shader: 36 instructions
[2019.05.28-02.27.55:348][ 71]MaterialEditorStats: Texture samplers: 5/16
[2019.05.28-02.27.55:348][ 71]MaterialEditorStats: Texture Lookups (Est.): VS(0), PS(2)
[2019.05.28-02.27.55:348][ 71]MaterialEditorStats: User interpolators: 2/4 Scalars (1/4 Vectors) (TexCoords: 2, Custom: 0)
[2019.05.28-02.28.24:462][664]LogSlate: FSceneViewport::OnFocusLost() reason 0
[2019.05.28-02.28.30:006][282]LogSlate: FSceneViewport::OnFocusLost() reason 0
[2019.05.28-02.28.34:230][731]LogMaterial: Display: Missing cached shader map for material FDebugViewModeMaterialProxy MM_Wood002_I, compiling. 
[2019.05.28-02.28.34:750][731]LogShaderCompilers: Display: Shaders left to compile 1
[2019.05.28-02.28.34:752][731]TextureStreamingBuild: Display: Compiling optional shaders took 0.528 seconds.
[2019.05.28-02.28.42:024][284]LogEditorViewport: Clicking on Actor (LMB): StaticMeshActor (model001obj)
[2019.05.28-02.28.43:658][346]LogEditorViewport: Clicking on Actor (LMB): StaticMeshActor (model001obj)
[2019.05.28-02.28.44:147][373]LogEditorViewport: Clicking on Actor (LMB): StaticMeshActor (model001obj)
[2019.05.28-02.28.44:475][391]LogEditorViewport: Clicking on Component (LMB): StaticMeshComponent (StaticMeshComponent0)
[2019.05.28-02.28.44:747][406]LogEditorViewport: Clicking on Component (LMB): StaticMeshComponent (StaticMeshComponent0)
[2019.05.28-02.28.45:261][442]LogEditorViewport: Clicking on Component (LMB): StaticMeshComponent (StaticMeshComponent0)
[2019.05.28-02.28.45:539][456]LogEditorViewport: Clicking on Actor (double click): StaticMeshActor (model001obj)
[2019.05.28-02.28.48:970][667]LogEditorViewport: Clicking on Actor (CTRL LMB): StaticMeshActor (model001obj)
[2019.05.28-02.28.49:062][668]LogEditorViewport: Clicking on Component (CTRL LMB): StaticMeshComponent (StaticMeshComponent0)
[2019.05.28-02.28.49:542][695]LogEditorViewport: Clicking on Component (LMB): StaticMeshComponent (StaticMeshComponent0)
[2019.05.28-02.28.49:639][698]LogEditorViewport: Clicking on Actor (double click): StaticMeshActor (model001obj)
[2019.05.28-02.28.49:982][716]LogEditorViewport: Clicking on Actor (LMB): StaticMeshActor (model001obj)
[2019.05.28-02.28.51:157][784]LogEditorViewport: Clicking on Actor (CTRL LMB): StaticMeshActor (model003)
[2019.05.28-02.28.52:229][843]LogEditorViewport: Clicking on Actor (CTRL LMB): StaticMeshActor (model002)
[2019.05.28-02.28.53:180][900]LogEditorViewport: Clicking on Actor (LMB): StaticMeshActor (model003)
[2019.05.28-02.28.54:111][946]LogEditorViewport: Clicking on Actor (LMB): StaticMeshActor (model001obj)
[2019.05.28-02.29.09:154][756]LogSlate: FSceneViewport::OnFocusLost() reason 0
[2019.05.28-02.29.11:986][899]Cmd: BRUSH ADD SELECTNEWBRUSH
[2019.05.28-02.29.16:616][185]Cmd: DELETE
[2019.05.28-02.29.16:616][185]Cmd: ACTOR DELETE
[2019.05.28-02.29.16:623][185]LogEditorActor: Deleted Actor: Brush
[2019.05.28-02.29.16:656][185]LogEditorActor: Deleted 1 Actors (0.039 secs)
[2019.05.28-02.29.19:134][404]LogSlate: FSceneViewport::OnFocusLost() reason 2
[2019.05.28-02.29.19:297][404]LogSavePackage: Moving 'C:/Users/xavie/OneDrive/Documents/GitHub/City-Whitebox/City/Saved/InClassWoodMaterials8F6D1CD846D496C7BE1330866229308F.tmp' to 'C:/Users/xavie/OneDrive/Documents/GitHub/City-Whitebox/City/Content/Maps/InClassWoodMaterials.umap'
[2019.05.28-02.29.19:318][404]Cmd: OBJ SAVEPACKAGE PACKAGE="/Game/Maps/InClassWoodMaterials_BuiltData" FILE="C:/Users/xavie/OneDrive/Documents/GitHub/City-Whitebox/City/Content/Maps/InClassWoodMaterials_BuiltData.uasset" SILENT=true
[2019.05.28-02.29.19:350][404]LogSavePackage: Moving 'C:/Users/xavie/OneDrive/Documents/GitHub/City-Whitebox/City/Saved/InClassWoodMaterials_BuiltDataF11AB85C477318C29AF90DB2066446BD.tmp' to 'C:/Users/xavie/OneDrive/Documents/GitHub/City-Whitebox/City/Content/Maps/InClassWoodMaterials_BuiltData.uasset'
[2019.05.28-02.29.23:490][687]LogSlate: FSceneViewport::OnFocusLost() reason 0
[2019.05.28-02.34.00:635][283]LogSavePackage: Moving 'C:/Users/xavie/OneDrive/Documents/GitHub/City-Whitebox/City/Saved/InClassWoodMaterials7724FC204553DAC138C9D5A165F9A621.tmp' to 'C:/Users/xavie/OneDrive/Documents/GitHub/City-Whitebox/City/Content/Maps/InClassWoodMaterials.umap'
[2019.05.28-02.34.00:656][283]Cmd: OBJ SAVEPACKAGE PACKAGE="/Game/Maps/InClassWoodMaterials_BuiltData" FILE="C:/Users/xavie/OneDrive/Documents/GitHub/City-Whitebox/City/Content/Maps/InClassWoodMaterials_BuiltData.uasset" SILENT=true
[2019.05.28-02.34.00:677][283]LogSavePackage: Moving 'C:/Users/xavie/OneDrive/Documents/GitHub/City-Whitebox/City/Saved/InClassWoodMaterials_BuiltDataA6176F71451613801EB52DA85EAB2A83.tmp' to 'C:/Users/xavie/OneDrive/Documents/GitHub/City-Whitebox/City/Content/Maps/InClassWoodMaterials_BuiltData.uasset'
[2019.05.28-02.34.03:970][550]Cmd: OBJ SAVEPACKAGE PACKAGE="/Game/MM_Wood002_I" FILE="C:/Users/xavie/OneDrive/Documents/GitHub/City-Whitebox/City/Content/MM_Wood002_I.uasset" SILENT=true
[2019.05.28-02.34.03:999][550]LogSavePackage: Moving 'C:/Users/xavie/OneDrive/Documents/GitHub/City-Whitebox/City/Saved/MM_Wood002_I35789766455032E62A3FB79A102A3268.tmp' to 'C:/Users/xavie/OneDrive/Documents/GitHub/City-Whitebox/City/Content/MM_Wood002_I.uasset'
[2019.05.28-02.34.07:757][832]LogSlate: Took 0.000158 seconds to synchronously load lazily loaded font '../../../Engine/Content/Slate/Fonts/Roboto-Light.ttf' (167K)
[2019.05.28-02.34.13:742][207]LogSlate: Window 'Open Level' being destroyed
[2019.05.28-02.42.07:311][479]LogSlate: FSceneViewport::OnFocusLost() reason 2
